<?xml version="1.0" encoding="UTF-8"?>
<robot generator="Robot 6.0.1 (Python 3.10.5 on darwin)" generated="20221110 23:07:21.943" rpa="false" schemaversion="3">
<suite id="s1" name="Test" source="/Users/jcosta/Desktop/REPO/Testing Automation/robot-framework-from-scratch/robot/test.robot">
<test id="s1-t1" name="Deve retornar mensagem de boas vindas" line="4">
<kw name="Welcome" library="app">
<var>${result}</var>
<arg>João</arg>
<msg timestamp="20221110 23:07:21.952" level="INFO">${result} = Olá João, Bem vindo ao Curso ROBOT</msg>
<status status="PASS" starttime="20221110 23:07:21.952" endtime="20221110 23:07:21.952"/>
</kw>
<kw name="Should Be Equal" library="BuiltIn">
<arg>${result}</arg>
<arg>Olá João, Bem vindo ao Curso ROBOT</arg>
<doc>Fails if the given objects are unequal.</doc>
<status status="PASS" starttime="20221110 23:07:21.952" endtime="20221110 23:07:21.952"/>
</kw>
<status status="PASS" starttime="20221110 23:07:21.952" endtime="20221110 23:07:21.952"/>
</test>
<status status="PASS" starttime="20221110 23:07:21.943" endtime="20221110 23:07:21.952"/>
</suite>
<statistics>
<total>
<stat pass="1" fail="0" skip="0">All Tests</stat>
</total>
<tag>
</tag>
<suite>
<stat pass="1" fail="0" skip="0" id="s1" name="Test">Test</stat>
</suite>
</statistics>
<errors>
</errors>
</robot>
